INFO 2024-03-26 13:51:14,386 autoreload 19452 140704438302912 Watching for file changes with StatReloader
INFO 2024-03-26 13:54:06,684 autoreload 19660 140704438302912 Watching for file changes with StatReloader
INFO 2024-03-26 14:06:10,854 autoreload 20833 140704438302912 Watching for file changes with StatReloader
INFO 2024-03-26 14:09:43,104 autoreload 21020 140704438302912 Watching for file changes with StatReloader
INFO 2024-03-26 14:10:27,044 basehttp 21020 123145458876416 "OPTIONS /signup/ HTTP/1.1" 200 0
INFO 2024-03-26 14:10:27,384 basehttp 21020 123145475665920 "POST /signup/ HTTP/1.1" 201 29
INFO 2024-03-26 14:10:59,845 basehttp 21020 123145458876416 "OPTIONS /signup_follow/ HTTP/1.1" 200 0
INFO 2024-03-26 14:10:59,853 basehttp 21020 123145475665920 "POST /signup_follow/ HTTP/1.1" 200 199
INFO 2024-03-26 14:11:04,871 basehttp 21020 123145475665920 "GET /user/get_info/ HTTP/1.1" 200 352
INFO 2024-03-26 14:11:04,878 basehttp 21020 123145475665920 "GET /user/get_info/ HTTP/1.1" 200 352
INFO 2024-03-26 14:11:06,317 basehttp 21020 123145475665920 "GET /user/get_info/ HTTP/1.1" 200 352
INFO 2024-03-26 14:11:06,324 basehttp 21020 123145492455424 "GET /user/get_info/ HTTP/1.1" 200 352
INFO 2024-03-26 14:11:14,928 basehttp 21020 123145492455424 "GET /user/get_info/ HTTP/1.1" 200 352
INFO 2024-03-26 14:11:14,935 basehttp 21020 123145475665920 "GET /user/get_info/ HTTP/1.1" 200 352
INFO 2024-03-26 14:13:32,664 basehttp 21020 123145475665920 "GET /user/get_info/ HTTP/1.1" 200 352
INFO 2024-03-26 14:13:32,672 basehttp 21020 123145492455424 "GET /user/get_info/ HTTP/1.1" 200 352
INFO 2024-03-26 14:13:33,570 basehttp 21020 123145492455424 "GET /user/get_info/ HTTP/1.1" 200 352
INFO 2024-03-26 14:13:33,577 basehttp 21020 123145475665920 "GET /user/get_info/ HTTP/1.1" 200 352
INFO 2024-03-26 14:13:34,555 basehttp 21020 123145475665920 "GET /user/get_info/ HTTP/1.1" 200 352
INFO 2024-03-26 14:13:34,562 basehttp 21020 123145492455424 "GET /user/get_info/ HTTP/1.1" 200 352
INFO 2024-03-26 14:13:35,366 basehttp 21020 123145492455424 "GET /user/get_info/ HTTP/1.1" 200 352
INFO 2024-03-26 14:13:35,374 basehttp 21020 123145475665920 "GET /user/get_info/ HTTP/1.1" 200 352
INFO 2024-03-26 14:13:36,488 basehttp 21020 123145475665920 "GET /user/get_info/ HTTP/1.1" 200 352
INFO 2024-03-26 14:13:36,495 basehttp 21020 123145492455424 "GET /user/get_info/ HTTP/1.1" 200 352
INFO 2024-03-26 14:13:45,567 basehttp 21020 123145492455424 "GET /user/get_info/ HTTP/1.1" 200 352
INFO 2024-03-26 14:13:45,574 basehttp 21020 123145475665920 "GET /user/get_info/ HTTP/1.1" 200 352
INFO 2024-03-26 14:13:46,267 basehttp 21020 123145475665920 "GET /user/get_info/ HTTP/1.1" 200 352
INFO 2024-03-26 14:13:46,274 basehttp 21020 123145492455424 "GET /user/get_info/ HTTP/1.1" 200 352
INFO 2024-03-26 14:13:48,545 basehttp 21020 123145492455424 "GET /user/get_info/ HTTP/1.1" 200 352
INFO 2024-03-26 14:13:48,553 basehttp 21020 123145475665920 "GET /user/get_info/ HTTP/1.1" 200 352
INFO 2024-03-26 14:13:48,994 basehttp 21020 123145475665920 "GET /user/get_info/ HTTP/1.1" 200 352
INFO 2024-03-26 14:13:49,001 basehttp 21020 123145492455424 "GET /user/get_info/ HTTP/1.1" 200 352
INFO 2024-03-26 14:13:49,642 basehttp 21020 123145492455424 "GET /user/get_info/ HTTP/1.1" 200 352
INFO 2024-03-26 14:13:49,651 basehttp 21020 123145475665920 "GET /user/get_info/ HTTP/1.1" 200 352
INFO 2024-03-26 14:14:02,147 basehttp 21020 123145458876416 "OPTIONS /fridge/add_ingredient/ HTTP/1.1" 200 0
INFO 2024-03-26 14:14:02,165 basehttp 21020 123145475665920 "POST /fridge/add_ingredient/ HTTP/1.1" 200 55
INFO 2024-03-26 14:14:56,238 basehttp 21020 123145458876416 "OPTIONS /fridge/remove_ingredient/ HTTP/1.1" 200 0
INFO 2024-03-26 14:14:56,248 basehttp 21020 123145475665920 "POST /fridge/remove_ingredient/ HTTP/1.1" 200 51
INFO 2024-03-26 14:16:59,080 basehttp 21020 123145475665920 "GET /user/get_info/ HTTP/1.1" 200 352
INFO 2024-03-26 14:16:59,087 basehttp 21020 123145492455424 "GET /user/get_info/ HTTP/1.1" 200 352
INFO 2024-03-26 14:17:00,104 basehttp 21020 123145492455424 "GET /user/get_info/ HTTP/1.1" 200 352
INFO 2024-03-26 14:17:00,111 basehttp 21020 123145475665920 "GET /user/get_info/ HTTP/1.1" 200 352
INFO 2024-03-26 14:17:04,402 basehttp 21020 123145475665920 "GET /user/get_info/ HTTP/1.1" 200 352
INFO 2024-03-26 14:17:04,410 basehttp 21020 123145492455424 "GET /user/get_info/ HTTP/1.1" 200 352
INFO 2024-03-26 14:17:05,889 basehttp 21020 123145492455424 "GET /user/get_info/ HTTP/1.1" 200 352
INFO 2024-03-26 14:17:05,895 basehttp 21020 123145475665920 "GET /user/get_info/ HTTP/1.1" 200 352
INFO 2024-03-26 14:17:09,138 basehttp 21020 123145475665920 "GET /user/get_info/ HTTP/1.1" 200 352
INFO 2024-03-26 14:17:09,146 basehttp 21020 123145492455424 "GET /user/get_info/ HTTP/1.1" 200 352
INFO 2024-03-26 14:17:13,086 basehttp 21020 123145492455424 "GET /user/get_info/ HTTP/1.1" 200 352
INFO 2024-03-26 14:17:13,092 basehttp 21020 123145475665920 "GET /user/get_info/ HTTP/1.1" 200 352
INFO 2024-03-26 14:17:13,965 basehttp 21020 123145475665920 "GET /user/get_info/ HTTP/1.1" 200 352
INFO 2024-03-26 14:17:13,972 basehttp 21020 123145492455424 "GET /user/get_info/ HTTP/1.1" 200 352
INFO 2024-03-26 14:17:17,105 basehttp 21020 123145492455424 "GET /user/get_info/ HTTP/1.1" 200 352
INFO 2024-03-26 14:17:17,129 basehttp 21020 123145475665920 "GET /user/get_info/ HTTP/1.1" 200 352
INFO 2024-03-26 14:17:36,551 basehttp 21020 123145475665920 "GET /user/get_info/ HTTP/1.1" 200 352
INFO 2024-03-26 14:17:36,559 basehttp 21020 123145492455424 "GET /user/get_info/ HTTP/1.1" 200 352
INFO 2024-03-26 14:17:37,337 basehttp 21020 123145492455424 "GET /user/get_info/ HTTP/1.1" 200 352
INFO 2024-03-26 14:17:37,343 basehttp 21020 123145475665920 "GET /user/get_info/ HTTP/1.1" 200 352
INFO 2024-03-26 14:17:46,588 basehttp 21020 123145475665920 "GET /user/get_info/ HTTP/1.1" 200 352
INFO 2024-03-26 14:17:46,596 basehttp 21020 123145492455424 "GET /user/get_info/ HTTP/1.1" 200 352
INFO 2024-03-26 14:19:32,586 basehttp 21020 123145492455424 "GET /user/get_info/ HTTP/1.1" 200 352
INFO 2024-03-26 14:19:32,595 basehttp 21020 123145475665920 "GET /user/get_info/ HTTP/1.1" 200 352
INFO 2024-03-26 14:21:25,646 basehttp 21020 123145475665920 "GET /user/get_info/ HTTP/1.1" 200 352
INFO 2024-03-26 14:21:25,652 basehttp 21020 123145492455424 "GET /user/get_info/ HTTP/1.1" 200 352
INFO 2024-03-26 14:22:48,713 basehttp 21020 123145492455424 "GET /user/get_info/ HTTP/1.1" 200 352
INFO 2024-03-26 14:22:48,719 basehttp 21020 123145475665920 "GET /user/get_info/ HTTP/1.1" 200 352
INFO 2024-03-26 14:22:54,863 basehttp 21020 123145475665920 "GET /user/get_info/ HTTP/1.1" 200 352
INFO 2024-03-26 14:22:54,870 basehttp 21020 123145492455424 "GET /user/get_info/ HTTP/1.1" 200 352
INFO 2024-03-26 15:03:41,267 basehttp 21020 123145458876416 "GET /user/get_info/ HTTP/1.1" 200 352
INFO 2024-03-26 15:03:41,273 basehttp 21020 123145458876416 "GET /user/get_info/ HTTP/1.1" 200 352
INFO 2024-03-26 15:03:56,410 basehttp 21020 123145458876416 "GET /user/get_info/ HTTP/1.1" 200 352
INFO 2024-03-26 15:03:56,417 basehttp 21020 123145475665920 "GET /user/get_info/ HTTP/1.1" 200 352
INFO 2024-03-26 15:03:59,848 basehttp 21020 123145475665920 "GET /user/get_info/ HTTP/1.1" 200 352
INFO 2024-03-26 15:03:59,853 basehttp 21020 123145458876416 "GET /user/get_info/ HTTP/1.1" 200 352
INFO 2024-03-26 15:09:01,908 basehttp 21020 123145458876416 "GET /user/get_info/ HTTP/1.1" 200 352
INFO 2024-03-26 15:09:01,912 basehttp 21020 123145475665920 "GET /user/get_info/ HTTP/1.1" 200 352
INFO 2024-03-26 15:09:05,362 basehttp 21020 123145475665920 "GET /user/get_info/ HTTP/1.1" 200 352
INFO 2024-03-26 15:09:05,375 basehttp 21020 123145458876416 "GET /user/get_info/ HTTP/1.1" 200 352
INFO 2024-03-26 15:11:41,107 basehttp 21020 123145458876416 "GET /user/get_info/ HTTP/1.1" 200 352
INFO 2024-03-26 15:11:41,112 basehttp 21020 123145475665920 "GET /user/get_info/ HTTP/1.1" 200 352
INFO 2024-03-26 15:16:49,468 basehttp 21020 123145458876416 "GET /user/get_info/ HTTP/1.1" 200 352
INFO 2024-03-26 15:18:26,830 basehttp 21020 123145458876416 "GET /user/get_info/ HTTP/1.1" 200 352
INFO 2024-03-26 15:22:25,600 basehttp 21020 123145458876416 "GET /user/get_info/ HTTP/1.1" 200 352
INFO 2024-03-26 15:22:25,603 basehttp 21020 123145458876416 "GET /user/get_info/ HTTP/1.1" 200 352
INFO 2024-03-26 15:22:27,793 basehttp 21020 123145458876416 "GET /user/get_info/ HTTP/1.1" 200 352
INFO 2024-03-26 15:22:27,797 basehttp 21020 123145475665920 "GET /user/get_info/ HTTP/1.1" 200 352
INFO 2024-03-26 15:22:29,978 basehttp 21020 123145475665920 "GET /user/get_info/ HTTP/1.1" 200 352
INFO 2024-03-26 15:22:29,983 basehttp 21020 123145458876416 "GET /user/get_info/ HTTP/1.1" 200 352
INFO 2024-03-26 15:22:33,589 basehttp 21020 123145458876416 "GET /user/get_info/ HTTP/1.1" 200 352
INFO 2024-03-26 15:22:33,593 basehttp 21020 123145475665920 "GET /user/get_info/ HTTP/1.1" 200 352
INFO 2024-03-26 15:22:40,013 basehttp 21020 123145475665920 "GET /user/get_info/ HTTP/1.1" 200 352
INFO 2024-03-26 15:22:40,017 basehttp 21020 123145458876416 "GET /user/get_info/ HTTP/1.1" 200 352
INFO 2024-03-26 15:23:03,539 basehttp 21020 123145458876416 "GET /user/get_info/ HTTP/1.1" 200 352
INFO 2024-03-26 15:23:03,546 basehttp 21020 123145475665920 "GET /user/get_info/ HTTP/1.1" 200 352
INFO 2024-03-26 15:23:05,410 basehttp 21020 123145475665920 "GET /user/get_info/ HTTP/1.1" 200 352
INFO 2024-03-26 15:23:05,413 basehttp 21020 123145458876416 "GET /user/get_info/ HTTP/1.1" 200 352
INFO 2024-03-26 15:23:16,113 basehttp 21020 123145458876416 "GET /user/get_info/ HTTP/1.1" 200 352
INFO 2024-03-26 15:23:16,117 basehttp 21020 123145475665920 "GET /user/get_info/ HTTP/1.1" 200 352
INFO 2024-03-26 15:23:43,582 basehttp 21020 123145475665920 "GET /user/get_info/ HTTP/1.1" 200 352
INFO 2024-03-26 15:23:43,586 basehttp 21020 123145458876416 "GET /user/get_info/ HTTP/1.1" 200 352
INFO 2024-03-26 15:23:59,688 basehttp 21020 123145458876416 "GET /user/get_info/ HTTP/1.1" 200 352
INFO 2024-03-26 15:23:59,692 basehttp 21020 123145475665920 "GET /user/get_info/ HTTP/1.1" 200 352
INFO 2024-03-26 15:24:00,921 basehttp 21020 123145475665920 "GET /user/get_info/ HTTP/1.1" 200 352
INFO 2024-03-26 15:24:00,925 basehttp 21020 123145458876416 "GET /user/get_info/ HTTP/1.1" 200 352
INFO 2024-03-26 15:24:01,964 basehttp 21020 123145458876416 "GET /user/get_info/ HTTP/1.1" 200 352
INFO 2024-03-26 15:24:01,968 basehttp 21020 123145475665920 "GET /user/get_info/ HTTP/1.1" 200 352
INFO 2024-03-26 15:24:03,258 basehttp 21020 123145475665920 "GET /user/get_info/ HTTP/1.1" 200 352
INFO 2024-03-26 15:24:03,263 basehttp 21020 123145458876416 "GET /user/get_info/ HTTP/1.1" 200 352
INFO 2024-03-26 15:25:07,677 basehttp 21020 123145458876416 "GET /user/get_info/ HTTP/1.1" 200 352
INFO 2024-03-26 15:25:07,681 basehttp 21020 123145475665920 "GET /user/get_info/ HTTP/1.1" 200 352
INFO 2024-03-26 15:26:22,837 basehttp 21020 123145475665920 "GET /user/get_info/ HTTP/1.1" 200 352
INFO 2024-03-26 15:26:29,106 basehttp 21020 123145475665920 "GET /user/get_info/ HTTP/1.1" 200 352
INFO 2024-03-26 15:26:29,109 basehttp 21020 123145458876416 "GET /user/get_info/ HTTP/1.1" 200 352
INFO 2024-03-26 15:33:34,841 basehttp 21020 123145458876416 "GET /user/get_info/ HTTP/1.1" 200 352
INFO 2024-03-26 15:34:32,646 basehttp 21020 123145458876416 "GET /user/get_info/ HTTP/1.1" 200 352
INFO 2024-03-26 15:34:32,651 basehttp 21020 123145458876416 "GET /user/get_info/ HTTP/1.1" 200 352
INFO 2024-03-26 15:36:24,168 basehttp 21020 123145458876416 "GET /user/get_info/ HTTP/1.1" 200 352
INFO 2024-03-26 15:38:53,672 basehttp 21020 123145458876416 "GET /user/get_info/ HTTP/1.1" 200 352
INFO 2024-03-26 15:38:53,677 basehttp 21020 123145458876416 "GET /user/get_info/ HTTP/1.1" 200 352
INFO 2024-03-26 15:38:56,696 basehttp 21020 123145458876416 "GET /user/get_info/ HTTP/1.1" 200 352
INFO 2024-03-26 15:38:56,700 basehttp 21020 123145475665920 "GET /user/get_info/ HTTP/1.1" 200 352
INFO 2024-03-26 15:38:57,760 basehttp 21020 123145475665920 "GET /user/get_info/ HTTP/1.1" 200 352
INFO 2024-03-26 15:38:57,765 basehttp 21020 123145458876416 "GET /user/get_info/ HTTP/1.1" 200 352
INFO 2024-03-26 15:38:58,645 basehttp 21020 123145458876416 "GET /user/get_info/ HTTP/1.1" 200 352
INFO 2024-03-26 15:38:58,649 basehttp 21020 123145475665920 "GET /user/get_info/ HTTP/1.1" 200 352
INFO 2024-03-26 15:39:01,040 basehttp 21020 123145475665920 "GET /user/get_info/ HTTP/1.1" 200 352
INFO 2024-03-26 15:39:01,045 basehttp 21020 123145458876416 "GET /user/get_info/ HTTP/1.1" 200 352
INFO 2024-03-26 15:39:04,359 basehttp 21020 123145458876416 "GET /user/get_info/ HTTP/1.1" 200 352
INFO 2024-03-26 15:39:04,363 basehttp 21020 123145475665920 "GET /user/get_info/ HTTP/1.1" 200 352
INFO 2024-03-26 15:40:29,689 basehttp 21020 123145475665920 "GET /user/get_info/ HTTP/1.1" 200 352
INFO 2024-03-26 15:43:03,029 basehttp 21020 123145475665920 "GET /user/get_info/ HTTP/1.1" 200 352
INFO 2024-03-26 15:44:58,414 basehttp 21020 123145475665920 "GET /user/get_info/ HTTP/1.1" 200 352
INFO 2024-03-26 15:45:18,536 basehttp 21020 123145475665920 "GET /user/get_info/ HTTP/1.1" 200 352
INFO 2024-03-26 15:45:18,544 basehttp 21020 123145475665920 "GET /user/get_info/ HTTP/1.1" 200 352
INFO 2024-03-26 15:50:22,680 basehttp 21020 123145458876416 "GET /user/get_info/ HTTP/1.1" 200 352
INFO 2024-03-26 15:50:22,685 basehttp 21020 123145458876416 "GET /user/get_info/ HTTP/1.1" 200 352
INFO 2024-03-26 15:51:05,371 basehttp 21020 123145458876416 "GET /user/get_info/ HTTP/1.1" 200 352
INFO 2024-03-26 15:51:05,375 basehttp 21020 123145475665920 "GET /user/get_info/ HTTP/1.1" 200 352
INFO 2024-03-26 15:51:52,228 basehttp 21020 123145475665920 "GET /user/get_info/ HTTP/1.1" 200 352
INFO 2024-03-26 15:51:52,232 basehttp 21020 123145458876416 "GET /user/get_info/ HTTP/1.1" 200 352
INFO 2024-03-26 15:51:57,123 basehttp 21020 123145458876416 "GET /user/get_info/ HTTP/1.1" 200 352
INFO 2024-03-26 15:51:57,127 basehttp 21020 123145475665920 "GET /user/get_info/ HTTP/1.1" 200 352
INFO 2024-03-26 15:51:59,062 basehttp 21020 123145475665920 "GET /user/get_info/ HTTP/1.1" 200 352
INFO 2024-03-26 15:51:59,065 basehttp 21020 123145458876416 "GET /user/get_info/ HTTP/1.1" 200 352
INFO 2024-03-26 15:52:00,220 basehttp 21020 123145458876416 "GET /user/get_info/ HTTP/1.1" 200 352
INFO 2024-03-26 15:52:00,224 basehttp 21020 123145475665920 "GET /user/get_info/ HTTP/1.1" 200 352
INFO 2024-03-26 17:15:35,192 basehttp 21020 123145458876416 "GET /user/get_info/ HTTP/1.1" 200 352
INFO 2024-03-26 17:15:35,200 basehttp 21020 123145458876416 "GET /user/get_info/ HTTP/1.1" 200 352
INFO 2024-03-26 17:15:38,701 basehttp 21020 123145458876416 "GET /user/get_info/ HTTP/1.1" 200 352
INFO 2024-03-26 17:15:38,705 basehttp 21020 123145475665920 "GET /user/get_info/ HTTP/1.1" 200 352
INFO 2024-03-26 17:16:06,151 basehttp 21020 123145475665920 "GET /user/get_info/ HTTP/1.1" 200 352
INFO 2024-03-26 17:16:06,155 basehttp 21020 123145458876416 "GET /user/get_info/ HTTP/1.1" 200 352
INFO 2024-03-26 17:16:07,080 basehttp 21020 123145458876416 "GET /user/get_info/ HTTP/1.1" 200 352
INFO 2024-03-26 17:16:07,085 basehttp 21020 123145475665920 "GET /user/get_info/ HTTP/1.1" 200 352
INFO 2024-03-26 17:17:31,345 basehttp 21020 123145475665920 "GET /user/get_info/ HTTP/1.1" 200 352
INFO 2024-03-26 17:17:31,350 basehttp 21020 123145458876416 "GET /user/get_info/ HTTP/1.1" 200 352
INFO 2024-03-26 17:18:19,862 basehttp 21020 123145458876416 "GET /user/get_info/ HTTP/1.1" 200 352
INFO 2024-03-26 17:18:19,867 basehttp 21020 123145475665920 "GET /user/get_info/ HTTP/1.1" 200 352
INFO 2024-03-26 17:18:47,994 basehttp 21020 123145475665920 "GET /user/get_info/ HTTP/1.1" 200 352
INFO 2024-03-26 17:18:54,992 basehttp 21020 123145475665920 "GET /user/get_info/ HTTP/1.1" 200 352
INFO 2024-03-26 17:20:01,246 basehttp 21020 123145475665920 "GET /user/get_info/ HTTP/1.1" 200 352
INFO 2024-03-26 17:20:01,250 basehttp 21020 123145458876416 "GET /user/get_info/ HTTP/1.1" 200 352
